<?xml version="1.0" encoding="UTF-8"?>
<!-- Generated by org.testng.reporters.JUnitReportReporter -->
<testsuite hostname="GL3888-X0" failures="0" tests="6" name="api.test.DataDrivenTests" time="8.937" errors="0" timestamp="2024-09-02T00:49:39 IST" skipped="0">
  <testcase classname="api.test.DataDrivenTests" name="testPostUser" time="1.446"/>
  <testcase classname="api.test.DataDrivenTests" name="testPostUser" time="1.410"/>
  <testcase classname="api.test.DataDrivenTests" name="testPostUser" time="2.345"/>
  <testcase classname="api.test.DataDrivenTests" name="testDeleteUserByUsername" time="1.271"/>
  <testcase classname="api.test.DataDrivenTests" name="testDeleteUserByUsername" time="1.136"/>
  <testcase classname="api.test.DataDrivenTests" name="testDeleteUserByUsername" time="1.329"/>
</testsuite> <!-- api.test.DataDrivenTests -->
